<?xml version="1.0" encoding="UTF-8"?>
<!-- Generated by org.testng.reporters.JUnitReportReporter -->
<testsuite skipped="0" hostname="HONEY24" name="tests.TestLogin" tests="1" failures="0" timestamp="26 Feb 2018 23:41:50 GMT" time="14.265" errors="0">
  <testcase name="testLogin" time="14.265" classname="tests.TestLogin"/>
</testsuite> <!-- tests.TestLogin -->
